<component name="libraryTable">
  <library name="junit-platform-console-standalone-1.6.0">
    <CLASSES>
      <root url="jar://$PROJECT_DIR$/junit-platform-console-standalone-1.6.0.jar!/" />
    </CLASSES>
    <JAVADOC />
    <SOURCES />
  </library>
</component>